[    INFO]-[2017-05-19 09:24:37,927]-DB_init.py :Line:42 : start sys , init DB_ds 
[    INFO]-[2017-05-19 09:24:37,931]-DB_init.py :Line:35 : init DB_ds , insert data:YXYBB:YXYBB
[    INFO]-[2017-05-19 09:24:37,931]-DB_init.py :Line:35 : init DB_ds , insert data:BBT:BBT
[    INFO]-[2017-05-19 09:24:37,932]-DB_init.py :Line:35 : init DB_ds , insert data:base:BASE
[    INFO]-[2017-05-19 09:24:37,932]-DB_init.py :Line:35 : init DB_ds , insert data:OAMP:OAMP
[    INFO]-[2017-05-19 09:24:37,933]-DB_init.py :Line:50 : start sys , compute all count data 
[    INFO]-[2017-05-19 09:24:37,933]-Init.py :Line:17 : start receive mongodb log
[    INFO]-[2017-05-19 09:27:31,040]-DB_init.py :Line:42 : start sys , init DB_ds 
[    INFO]-[2017-05-19 09:27:31,053]-DB_init.py :Line:35 : init DB_ds , insert data:base:BASE
[    INFO]-[2017-05-19 09:27:31,053]-DB_init.py :Line:35 : init DB_ds , insert data:OAMP:OAMP
[    INFO]-[2017-05-19 09:27:31,054]-DB_init.py :Line:35 : init DB_ds , insert data:BBT:BBT
[    INFO]-[2017-05-19 09:27:31,054]-DB_init.py :Line:35 : init DB_ds , insert data:YXYBB:YXYBB
[    INFO]-[2017-05-19 09:27:31,055]-DB_init.py :Line:50 : start sys , compute all count data 
[    INFO]-[2017-05-19 09:27:31,055]-Init.py :Line:17 : start receive mongodb log
[    INFO]-[2017-05-19 09:29:49,234]-DB_init.py :Line:42 : start sys , init DB_ds 
[    INFO]-[2017-05-19 09:29:49,248]-DB_init.py :Line:35 : init DB_ds , insert data:BBT:BBT
[    INFO]-[2017-05-19 09:29:49,248]-DB_init.py :Line:35 : init DB_ds , insert data:YXYBB:YXYBB
[    INFO]-[2017-05-19 09:29:49,248]-DB_init.py :Line:35 : init DB_ds , insert data:OAMP:OAMP
[    INFO]-[2017-05-19 09:29:49,248]-DB_init.py :Line:35 : init DB_ds , insert data:base:BASE
[    INFO]-[2017-05-19 09:29:49,249]-DB_init.py :Line:50 : start sys , compute all count data 
[    INFO]-[2017-05-19 09:29:49,250]-Init.py :Line:17 : start receive mongodb log
[   DEBUG]-[2017-05-19 10:18:09,237]-Service.py :Line:30 : the service request method : line_test
[   DEBUG]-[2017-05-19 10:18:09,237]-Service.py :Line:31 : the service request parameter : {'step': 60, 'filter_infos': [], 'step_count': 10, 'legend_infos': {'保宝网接口调用量': {'project_name': 'YXYBB', 'statistic_type': 'interface'}}, 'type': 'line', 'title_text': '接口调用量统计'}
[    INFO]-[2017-05-19 10:18:27,800]-DB_init.py :Line:42 : start sys , init DB_ds 
[    INFO]-[2017-05-19 10:18:27,814]-DB_init.py :Line:35 : init DB_ds , insert data:YXYBB:YXYBB
[    INFO]-[2017-05-19 10:18:27,814]-DB_init.py :Line:35 : init DB_ds , insert data:OAMP:OAMP
[    INFO]-[2017-05-19 10:18:27,814]-DB_init.py :Line:35 : init DB_ds , insert data:base:BASE
[    INFO]-[2017-05-19 10:18:27,814]-DB_init.py :Line:35 : init DB_ds , insert data:BBT:BBT
[    INFO]-[2017-05-19 10:18:27,815]-DB_init.py :Line:50 : start sys , compute all count data 
[    INFO]-[2017-05-19 10:18:27,816]-Init.py :Line:17 : start receive mongodb log
[   DEBUG]-[2017-05-19 10:18:29,591]-Service.py :Line:30 : the service request method : line_test
[   DEBUG]-[2017-05-19 10:18:29,591]-Service.py :Line:31 : the service request parameter : {'step': 1, 'type': 'line', 'step_count': 1000, 'filter_infos': [], 'legend_infos': {'保宝网接口调用量': {'statistic_type': 'interface', 'project_name': 'YXYBB'}}, 'title_text': '接口调用量统计'}
[   DEBUG]-[2017-05-19 10:19:55,508]-Service.py :Line:30 : the service request method : line_test
[   DEBUG]-[2017-05-19 10:19:55,508]-Service.py :Line:31 : the service request parameter : {'step': 1, 'type': 'line', 'step_count': 1000, 'filter_infos': [], 'legend_infos': {'保宝网接口调用量': {'statistic_type': 'interface', 'project_name': 'YXYBB'}}, 'title_text': '接口调用量统计'}
[    INFO]-[2017-05-19 10:21:21,417]-DB_init.py :Line:42 : start sys , init DB_ds 
[    INFO]-[2017-05-19 10:21:21,458]-DB_init.py :Line:35 : init DB_ds , insert data:base:BASE
[    INFO]-[2017-05-19 10:21:21,458]-DB_init.py :Line:35 : init DB_ds , insert data:BBT:BBT
[    INFO]-[2017-05-19 10:21:21,458]-DB_init.py :Line:35 : init DB_ds , insert data:YXYBB:YXYBB
[    INFO]-[2017-05-19 10:21:21,459]-DB_init.py :Line:35 : init DB_ds , insert data:OAMP:OAMP
[    INFO]-[2017-05-19 10:21:21,460]-Init.py :Line:17 : start receive mongodb log
[    INFO]-[2017-05-19 10:21:43,500]-DB_init.py :Line:42 : start sys , init DB_ds 
[    INFO]-[2017-05-19 10:21:43,505]-DB_init.py :Line:35 : init DB_ds , insert data:base:BASE
[    INFO]-[2017-05-19 10:21:43,505]-DB_init.py :Line:35 : init DB_ds , insert data:YXYBB:YXYBB
[    INFO]-[2017-05-19 10:21:43,505]-DB_init.py :Line:35 : init DB_ds , insert data:BBT:BBT
[    INFO]-[2017-05-19 10:21:43,505]-DB_init.py :Line:35 : init DB_ds , insert data:OAMP:OAMP
[   DEBUG]-[2017-05-19 10:21:47,943]-Service.py :Line:30 : the service request method : line_test
[   DEBUG]-[2017-05-19 10:21:47,943]-Service.py :Line:31 : the service request parameter : {'step': 1, 'legend_infos': {'保宝网接口调用量': {'project_name': 'YXYBB', 'statistic_type': 'interface'}}, 'step_count': 1000, 'type': 'line', 'title_text': '接口调用量统计', 'filter_infos': [{'relation': 13, 'key': 'time', 'value': '2017-05-18 14:50:00.12'}, {'relation': 121, 'key': 'time', 'value': '2017-05-18 18:18:12.12'}]}
[   DEBUG]-[2017-05-19 10:21:50,778]-Service.py :Line:30 : the service request method : line_test
[   DEBUG]-[2017-05-19 10:21:50,778]-Service.py :Line:31 : the service request parameter : {'step': 1, 'legend_infos': {'保宝网接口调用量': {'project_name': 'YXYBB', 'statistic_type': 'interface'}}, 'step_count': 1000, 'type': 'line', 'title_text': '接口调用量统计', 'filter_infos': [{'relation': 13, 'key': 'time', 'value': '2017-05-18 14:50:00.12'}, {'relation': 121, 'key': 'time', 'value': '2017-05-18 18:18:12.12'}]}
[   DEBUG]-[2017-05-19 10:39:25,320]-Service.py :Line:30 : the service request method : line_test
[   DEBUG]-[2017-05-19 10:39:25,321]-Service.py :Line:31 : the service request parameter : {'step': 1, 'legend_infos': {'保宝网接口调用量': {'project_name': 'YXYBB', 'statistic_type': 'interface'}}, 'step_count': 1000, 'type': 'line', 'title_text': '接口调用量统计', 'filter_infos': [{'relation': 13, 'key': 'time', 'value': '2017-05-18 14:50:00.12'}, {'relation': 121, 'key': 'time', 'value': '2017-05-18 18:18:12.12'}]}
[   DEBUG]-[2017-05-19 10:39:27,290]-Service.py :Line:30 : the service request method : line_test
[   DEBUG]-[2017-05-19 10:39:27,290]-Service.py :Line:31 : the service request parameter : {'step': 1, 'legend_infos': {'保宝网接口调用量': {'project_name': 'YXYBB', 'statistic_type': 'interface'}}, 'step_count': 1000, 'type': 'line', 'title_text': '接口调用量统计', 'filter_infos': [{'relation': 13, 'key': 'time', 'value': '2017-05-18 14:50:00.12'}, {'relation': 121, 'key': 'time', 'value': '2017-05-18 18:18:12.12'}]}
[   DEBUG]-[2017-05-19 10:39:29,710]-Service.py :Line:30 : the service request method : line_test
[   DEBUG]-[2017-05-19 10:39:29,710]-Service.py :Line:31 : the service request parameter : {'step': 1, 'legend_infos': {'保宝网接口调用量': {'project_name': 'YXYBB', 'statistic_type': 'interface'}}, 'step_count': 1000, 'type': 'line', 'title_text': '接口调用量统计', 'filter_infos': [{'relation': 13, 'key': 'time', 'value': '2017-05-18 14:50:00.12'}, {'relation': 121, 'key': 'time', 'value': '2017-05-18 18:18:12.12'}]}
[   DEBUG]-[2017-05-19 10:39:31,004]-Service.py :Line:30 : the service request method : line_test
[   DEBUG]-[2017-05-19 10:39:31,004]-Service.py :Line:31 : the service request parameter : {'step': 1, 'legend_infos': {'保宝网接口调用量': {'project_name': 'YXYBB', 'statistic_type': 'interface'}}, 'step_count': 1000, 'type': 'line', 'title_text': '接口调用量统计', 'filter_infos': [{'relation': 13, 'key': 'time', 'value': '2017-05-18 14:50:00.12'}, {'relation': 121, 'key': 'time', 'value': '2017-05-18 18:18:12.12'}]}
[   DEBUG]-[2017-05-19 10:40:19,532]-Service.py :Line:30 : the service request method : line_test
[   DEBUG]-[2017-05-19 10:40:19,532]-Service.py :Line:31 : the service request parameter : {'step': 1, 'legend_infos': {'保宝网接口调用量': {'project_name': 'YXYBB', 'statistic_type': 'interface'}}, 'step_count': 1000, 'type': 'line', 'title_text': '接口调用量统计', 'filter_infos': [{'relation': 13, 'key': 'time', 'value': '2017-05-18 14:50:00.12'}, {'relation': 121, 'key': 'time', 'value': '2017-05-18 18:18:12.12'}]}
[    INFO]-[2017-05-19 10:40:26,991]-DB_init.py :Line:42 : start sys , init DB_ds 
[    INFO]-[2017-05-19 10:40:27,032]-DB_init.py :Line:35 : init DB_ds , insert data:YXYBB:YXYBB
[    INFO]-[2017-05-19 10:40:27,033]-DB_init.py :Line:35 : init DB_ds , insert data:base:BASE
[    INFO]-[2017-05-19 10:40:27,033]-DB_init.py :Line:35 : init DB_ds , insert data:BBT:BBT
[    INFO]-[2017-05-19 10:40:27,034]-DB_init.py :Line:35 : init DB_ds , insert data:OAMP:OAMP
[   DEBUG]-[2017-05-19 10:40:27,463]-Service.py :Line:30 : the service request method : line_test
[   DEBUG]-[2017-05-19 10:40:27,464]-Service.py :Line:31 : the service request parameter : {'step_count': 1000, 'legend_infos': {'保宝网接口调用量': {'project_name': 'YXYBB', 'statistic_type': 'interface'}}, 'filter_infos': [{'relation': 13, 'value': '2017-05-18 14:50:00.12', 'key': 'time'}, {'relation': 121, 'value': '2017-05-18 18:18:12.12', 'key': 'time'}], 'title_text': '接口调用量统计', 'step': 1, 'type': 'line'}
[    INFO]-[2017-05-19 10:40:55,050]-DB_init.py :Line:42 : start sys , init DB_ds 
[    INFO]-[2017-05-19 10:40:55,063]-DB_init.py :Line:35 : init DB_ds , insert data:base:BASE
[    INFO]-[2017-05-19 10:40:55,065]-DB_init.py :Line:35 : init DB_ds , insert data:YXYBB:YXYBB
[    INFO]-[2017-05-19 10:40:55,065]-DB_init.py :Line:35 : init DB_ds , insert data:OAMP:OAMP
[    INFO]-[2017-05-19 10:40:55,066]-DB_init.py :Line:35 : init DB_ds , insert data:BBT:BBT
[   DEBUG]-[2017-05-19 10:40:56,930]-Service.py :Line:30 : the service request method : line_test
[   DEBUG]-[2017-05-19 10:40:56,931]-Service.py :Line:31 : the service request parameter : {'type': 'line', 'step_count': 1000, 'filter_infos': [{'relation': 13, 'key': 'time', 'value': '2017-05-18 14:50:00.12'}, {'relation': 121, 'key': 'time', 'value': '2017-05-18 18:18:12.12'}], 'legend_infos': {'保宝网接口调用量': {'project_name': 'YXYBB', 'statistic_type': 'interface'}}, 'step': 1, 'title_text': '接口调用量统计'}
[    INFO]-[2017-05-19 10:41:55,146]-DB_init.py :Line:42 : start sys , init DB_ds 
[    INFO]-[2017-05-19 10:41:55,163]-DB_init.py :Line:35 : init DB_ds , insert data:OAMP:OAMP
[    INFO]-[2017-05-19 10:41:55,163]-DB_init.py :Line:35 : init DB_ds , insert data:YXYBB:YXYBB
[    INFO]-[2017-05-19 10:41:55,164]-DB_init.py :Line:35 : init DB_ds , insert data:BBT:BBT
[    INFO]-[2017-05-19 10:41:55,164]-DB_init.py :Line:35 : init DB_ds , insert data:base:BASE
[   DEBUG]-[2017-05-19 10:41:55,359]-Service.py :Line:30 : the service request method : line_test
[   DEBUG]-[2017-05-19 10:41:55,359]-Service.py :Line:31 : the service request parameter : {'legend_infos': {'保宝网接口调用量': {'statistic_type': 'interface', 'project_name': 'YXYBB'}}, 'step_count': 1000, 'title_text': '接口调用量统计', 'filter_infos': [{'relation': 13, 'key': 'time', 'value': '2017-05-18 14:50:00.12'}, {'relation': 121, 'key': 'time', 'value': '2017-05-18 18:18:12.12'}], 'type': 'line', 'step': 1}
[    INFO]-[2017-05-19 10:42:33,125]-DB_init.py :Line:42 : start sys , init DB_ds 
[    INFO]-[2017-05-19 10:42:33,145]-DB_init.py :Line:35 : init DB_ds , insert data:YXYBB:YXYBB
[    INFO]-[2017-05-19 10:42:33,146]-DB_init.py :Line:35 : init DB_ds , insert data:OAMP:OAMP
[    INFO]-[2017-05-19 10:42:33,147]-DB_init.py :Line:35 : init DB_ds , insert data:BBT:BBT
[    INFO]-[2017-05-19 10:42:33,147]-DB_init.py :Line:35 : init DB_ds , insert data:base:BASE
[    INFO]-[2017-05-19 10:42:55,507]-DB_init.py :Line:42 : start sys , init DB_ds 
[    INFO]-[2017-05-19 10:42:55,513]-DB_init.py :Line:35 : init DB_ds , insert data:BBT:BBT
[    INFO]-[2017-05-19 10:42:55,514]-DB_init.py :Line:35 : init DB_ds , insert data:OAMP:OAMP
[    INFO]-[2017-05-19 10:42:55,514]-DB_init.py :Line:35 : init DB_ds , insert data:YXYBB:YXYBB
[    INFO]-[2017-05-19 10:42:55,514]-DB_init.py :Line:35 : init DB_ds , insert data:base:BASE
[   DEBUG]-[2017-05-19 10:42:57,693]-Service.py :Line:30 : the service request method : line_test
[   DEBUG]-[2017-05-19 10:42:57,694]-Service.py :Line:31 : the service request parameter : {'filter_infos': [{'relation': 13, 'key': 'time', 'value': '2017-05-18 14:50:00.12'}, {'relation': 121, 'key': 'time', 'value': '2017-05-18 15:10:12.12'}], 'legend_infos': {'保宝网接口调用量': {'project_name': 'YXYBB', 'statistic_type': 'interface'}}, 'step': 1, 'title_text': '接口调用量统计', 'type': 'line', 'step_count': 1000}
[    INFO]-[2017-05-19 10:45:25,518]-DB_init.py :Line:42 : start sys , init DB_ds 
[    INFO]-[2017-05-19 10:45:25,535]-DB_init.py :Line:35 : init DB_ds , insert data:OAMP:OAMP
[    INFO]-[2017-05-19 10:45:25,535]-DB_init.py :Line:35 : init DB_ds , insert data:base:BASE
[    INFO]-[2017-05-19 10:45:25,535]-DB_init.py :Line:35 : init DB_ds , insert data:BBT:BBT
[    INFO]-[2017-05-19 10:45:25,535]-DB_init.py :Line:35 : init DB_ds , insert data:YXYBB:YXYBB
[   DEBUG]-[2017-05-19 10:45:27,906]-Service.py :Line:30 : the service request method : line_test
[   DEBUG]-[2017-05-19 10:45:27,907]-Service.py :Line:31 : the service request parameter : {'type': 'line', 'title_text': '接口调用量统计', 'legend_infos': {'保宝网接口调用量': {'statistic_type': 'interface', 'project_name': 'YXYBB'}}, 'step': 1, 'filter_infos': [{'relation': 13, 'key': 'time', 'value': '2017-05-19 10:30:00.12'}, {'relation': 121, 'key': 'time', 'value': '2017-05-19 11:10:12.12'}], 'step_count': 1000}
[   DEBUG]-[2017-05-19 10:45:30,988]-Service.py :Line:30 : the service request method : line_test
[   DEBUG]-[2017-05-19 10:45:30,989]-Service.py :Line:31 : the service request parameter : {'type': 'line', 'title_text': '接口调用量统计', 'legend_infos': {'保宝网接口调用量': {'statistic_type': 'interface', 'project_name': 'YXYBB'}}, 'step': 1, 'filter_infos': [{'relation': 13, 'key': 'time', 'value': '2017-05-19 10:30:00.12'}, {'relation': 121, 'key': 'time', 'value': '2017-05-19 11:10:12.12'}], 'step_count': 1000}
[    INFO]-[2017-05-19 10:45:56,588]-DB_init.py :Line:42 : start sys , init DB_ds 
[    INFO]-[2017-05-19 10:45:56,605]-DB_init.py :Line:35 : init DB_ds , insert data:BBT:BBT
[    INFO]-[2017-05-19 10:45:56,606]-DB_init.py :Line:35 : init DB_ds , insert data:YXYBB:YXYBB
[    INFO]-[2017-05-19 10:45:56,606]-DB_init.py :Line:35 : init DB_ds , insert data:OAMP:OAMP
[    INFO]-[2017-05-19 10:45:56,606]-DB_init.py :Line:35 : init DB_ds , insert data:base:BASE
[   DEBUG]-[2017-05-19 10:45:57,144]-Service.py :Line:30 : the service request method : line_test
[   DEBUG]-[2017-05-19 10:45:57,145]-Service.py :Line:31 : the service request parameter : {'step_count': 1000, 'legend_infos': {'保宝网接口调用量': {'statistic_type': 'interface', 'project_name': 'YXYBB'}}, 'filter_infos': [{'value': '2017-05-19 10:30:00.12', 'key': 'time', 'relation': 13}, {'value': '2017-05-19 11:10:12.12', 'key': 'time', 'relation': 121}], 'type': 'line', 'title_text': '接口调用量统计', 'step': 1}
[   DEBUG]-[2017-05-19 10:46:31,828]-Service.py :Line:30 : the service request method : line_test
[   DEBUG]-[2017-05-19 10:46:31,829]-Service.py :Line:31 : the service request parameter : {'step_count': 1000, 'legend_infos': {'保宝网接口调用量': {'statistic_type': 'interface', 'project_name': 'YXYBB'}}, 'filter_infos': [{'value': '2017-05-19 10:30:00.12', 'key': 'time', 'relation': 13}, {'value': '2017-05-19 11:10:12.12', 'key': 'time', 'relation': 121}], 'type': 'line', 'title_text': '接口调用量统计', 'step': 1}
[   DEBUG]-[2017-05-19 10:47:03,142]-Service.py :Line:30 : the service request method : line_test
[   DEBUG]-[2017-05-19 10:47:03,143]-Service.py :Line:31 : the service request parameter : {'step_count': 1000, 'legend_infos': {'保宝网接口调用量': {'statistic_type': 'interface', 'project_name': 'YXYBB'}}, 'filter_infos': [{'value': '2017-05-19 10:30:00.12', 'key': 'time', 'relation': 13}, {'value': '2017-05-19 11:10:12.12', 'key': 'time', 'relation': 121}], 'type': 'line', 'title_text': '接口调用量统计', 'step': 1}
[    INFO]-[2017-05-19 10:47:54,311]-DB_init.py :Line:42 : start sys , init DB_ds 
[    INFO]-[2017-05-19 10:47:54,327]-DB_init.py :Line:35 : init DB_ds , insert data:BBT:BBT
[    INFO]-[2017-05-19 10:47:54,328]-DB_init.py :Line:35 : init DB_ds , insert data:base:BASE
[    INFO]-[2017-05-19 10:47:54,328]-DB_init.py :Line:35 : init DB_ds , insert data:OAMP:OAMP
[    INFO]-[2017-05-19 10:47:54,328]-DB_init.py :Line:35 : init DB_ds , insert data:YXYBB:YXYBB
[   DEBUG]-[2017-05-19 10:47:54,619]-Service.py :Line:30 : the service request method : line_test
[   DEBUG]-[2017-05-19 10:47:54,619]-Service.py :Line:31 : the service request parameter : {'legend_infos': {'保宝网接口调用量': {'project_name': 'YXYBB', 'statistic_type': 'interface'}}, 'title_text': '接口调用量统计', 'type': 'line', 'step': 1, 'step_count': 1000, 'filter_infos': [{'relation': 13, 'key': 'time', 'value': '2017-05-19 10:30:00.12'}, {'relation': 121, 'key': 'time', 'value': '2017-05-19 11:10:12.12'}]}
[    INFO]-[2017-05-19 10:48:36,013]-DB_init.py :Line:42 : start sys , init DB_ds 
[    INFO]-[2017-05-19 10:48:36,028]-DB_init.py :Line:35 : init DB_ds , insert data:base:BASE
[    INFO]-[2017-05-19 10:48:36,029]-DB_init.py :Line:35 : init DB_ds , insert data:BBT:BBT
[    INFO]-[2017-05-19 10:48:36,029]-DB_init.py :Line:35 : init DB_ds , insert data:YXYBB:YXYBB
[    INFO]-[2017-05-19 10:48:36,029]-DB_init.py :Line:35 : init DB_ds , insert data:OAMP:OAMP
[   DEBUG]-[2017-05-19 10:48:36,584]-Service.py :Line:30 : the service request method : line_test
[   DEBUG]-[2017-05-19 10:48:36,585]-Service.py :Line:31 : the service request parameter : {'filter_infos': [{'key': 'time', 'relation': 13, 'value': '2017-05-19 09:30:00.12'}, {'key': 'time', 'relation': 121, 'value': '2017-05-19 11:10:12.12'}], 'legend_infos': {'保宝网接口调用量': {'project_name': 'YXYBB', 'statistic_type': 'interface'}}, 'type': 'line', 'step_count': 1000, 'title_text': '接口调用量统计', 'step': 1}
[    INFO]-[2017-05-19 10:49:25,672]-DB_init.py :Line:42 : start sys , init DB_ds 
[    INFO]-[2017-05-19 10:49:25,689]-DB_init.py :Line:35 : init DB_ds , insert data:BBT:BBT
[    INFO]-[2017-05-19 10:49:25,690]-DB_init.py :Line:35 : init DB_ds , insert data:YXYBB:YXYBB
[    INFO]-[2017-05-19 10:49:25,690]-DB_init.py :Line:35 : init DB_ds , insert data:OAMP:OAMP
[    INFO]-[2017-05-19 10:49:25,691]-DB_init.py :Line:35 : init DB_ds , insert data:base:BASE
[   DEBUG]-[2017-05-19 10:49:25,934]-Service.py :Line:30 : the service request method : line_test
[   DEBUG]-[2017-05-19 10:49:25,934]-Service.py :Line:31 : the service request parameter : {'filter_infos': [{'value': '2017-05-19 09:30:00.12', 'relation': 13, 'key': 'time'}, {'value': '2017-05-19 11:10:12.12', 'relation': 121, 'key': 'time'}], 'legend_infos': {'保宝网接口调用量': {'statistic_type': 'interface', 'project_name': 'YXYBB'}}, 'step': 1, 'title_text': '接口调用量统计', 'type': 'line', 'step_count': 1000}
[   DEBUG]-[2017-05-19 10:49:29,881]-Service.py :Line:30 : the service request method : line_test
[   DEBUG]-[2017-05-19 10:49:29,881]-Service.py :Line:31 : the service request parameter : {'filter_infos': [{'value': '2017-05-19 10:00:00.12', 'relation': 13, 'key': 'time'}, {'value': '2017-05-19 11:10:12.12', 'relation': 121, 'key': 'time'}], 'legend_infos': {'保宝网接口调用量': {'statistic_type': 'interface', 'project_name': 'YXYBB'}}, 'step': 1, 'title_text': '接口调用量统计', 'type': 'line', 'step_count': 1000}
[   DEBUG]-[2017-05-19 11:02:31,870]-Service.py :Line:30 : the service request method : line_test
[   DEBUG]-[2017-05-19 11:02:31,871]-Service.py :Line:31 : the service request parameter : {'filter_infos': [{'value': '2017-05-19 10:00:00.12', 'relation': 13, 'key': 'time'}, {'value': '2017-05-19 11:10:12.12', 'relation': 121, 'key': 'time'}], 'legend_infos': {'保宝网接口调用量': {'statistic_type': 'interface', 'project_name': 'YXYBB'}}, 'step': 1, 'title_text': '接口调用量统计', 'type': 'line', 'step_count': 1000}
[   DEBUG]-[2017-05-19 11:49:34,650]-Service.py :Line:30 : the service request method : line_test
[   DEBUG]-[2017-05-19 11:49:34,651]-Service.py :Line:31 : the service request parameter : {'filter_infos': [{'value': '2017-05-19 10:00:00.12', 'relation': 13, 'key': 'time'}, {'value': '2017-05-19 11:10:12.12', 'relation': 121, 'key': 'time'}], 'legend_infos': {'保宝网接口调用量': {'statistic_type': 'interface', 'project_name': 'YXYBB'}}, 'step': 1, 'title_text': '接口调用量统计', 'type': 'line', 'step_count': 1000}
[    INFO]-[2017-05-19 13:34:26,624]-DB_init.py :Line:42 : start sys , init DB_ds 
[    INFO]-[2017-05-19 13:34:26,628]-DB_init.py :Line:35 : init DB_ds , insert data:YXYBB:YXYBB
[    INFO]-[2017-05-19 13:34:26,628]-DB_init.py :Line:35 : init DB_ds , insert data:OAMP:OAMP
[    INFO]-[2017-05-19 13:34:26,628]-DB_init.py :Line:35 : init DB_ds , insert data:base:BASE
[    INFO]-[2017-05-19 13:34:26,629]-DB_init.py :Line:35 : init DB_ds , insert data:BBT:BBT
[   DEBUG]-[2017-05-19 13:34:34,604]-Service.py :Line:30 : the service request method : line_test
[   DEBUG]-[2017-05-19 13:34:34,604]-Service.py :Line:31 : the service request parameter : {'legend_infos': {'保宝网接口调用量': {'project_name': 'YXYBB', 'statistic_type': 'interface'}}, 'step_count': 1000, 'title_text': '接口调用量统计', 'filter_infos': [], 'type': 'line', 'step': 1}
[    INFO]-[2017-05-19 13:35:58,505]-DB_init.py :Line:42 : start sys , init DB_ds 
[    INFO]-[2017-05-19 13:35:58,523]-DB_init.py :Line:35 : init DB_ds , insert data:YXYBB:YXYBB
[    INFO]-[2017-05-19 13:35:58,523]-DB_init.py :Line:35 : init DB_ds , insert data:BBT:BBT
[    INFO]-[2017-05-19 13:35:58,524]-DB_init.py :Line:35 : init DB_ds , insert data:base:BASE
[    INFO]-[2017-05-19 13:35:58,524]-DB_init.py :Line:35 : init DB_ds , insert data:OAMP:OAMP
[   DEBUG]-[2017-05-19 13:36:01,262]-Service.py :Line:30 : the service request method : line_test
[   DEBUG]-[2017-05-19 13:36:01,262]-Service.py :Line:31 : the service request parameter : {'step_count': 100, 'title_text': '接口调用量统计', 'filter_infos': [], 'type': 'line', 'legend_infos': {'保宝网接口调用量': {'statistic_type': 'interface', 'project_name': 'YXYBB'}}, 'step': 1}
[   DEBUG]-[2017-05-19 13:36:07,097]-Service.py :Line:30 : the service request method : line_test
[   DEBUG]-[2017-05-19 13:36:07,098]-Service.py :Line:31 : the service request parameter : {'step_count': 100, 'title_text': '接口调用量统计', 'filter_infos': [], 'type': 'line', 'legend_infos': {'保宝网接口调用量': {'statistic_type': 'interface', 'project_name': 'YXYBB'}}, 'step': 1}
[    INFO]-[2017-05-19 13:37:40,785]-DB_init.py :Line:42 : start sys , init DB_ds 
[    INFO]-[2017-05-19 13:37:40,789]-DB_init.py :Line:35 : init DB_ds , insert data:BBT:BBT
[    INFO]-[2017-05-19 13:37:40,790]-DB_init.py :Line:35 : init DB_ds , insert data:OAMP:OAMP
[    INFO]-[2017-05-19 13:37:40,790]-DB_init.py :Line:35 : init DB_ds , insert data:base:BASE
[    INFO]-[2017-05-19 13:37:40,790]-DB_init.py :Line:35 : init DB_ds , insert data:YXYBB:YXYBB
[    INFO]-[2017-05-19 13:37:40,791]-DB_init.py :Line:50 : start sys , compute all count data 
[    INFO]-[2017-05-19 13:37:40,791]-Init.py :Line:17 : start receive mongodb log
[    INFO]-[2017-05-19 13:46:54,994]-DB_init.py :Line:42 : start sys , init DB_ds 
[    INFO]-[2017-05-19 13:46:55,018]-DB_init.py :Line:35 : init DB_ds , insert data:YXYBB:YXYBB
[    INFO]-[2017-05-19 13:46:55,018]-DB_init.py :Line:35 : init DB_ds , insert data:OAMP:OAMP
[    INFO]-[2017-05-19 13:46:55,018]-DB_init.py :Line:35 : init DB_ds , insert data:base:BASE
[    INFO]-[2017-05-19 13:46:55,018]-DB_init.py :Line:35 : init DB_ds , insert data:BBT:BBT
[    INFO]-[2017-05-19 13:46:55,019]-DB_init.py :Line:50 : start sys , compute all count data 
[    INFO]-[2017-05-19 13:46:55,020]-Init.py :Line:17 : start receive mongodb log
[    INFO]-[2017-05-19 13:51:52,674]-DB_init.py :Line:42 : start sys , init DB_ds 
[    INFO]-[2017-05-19 13:51:52,678]-DB_init.py :Line:35 : init DB_ds , insert data:OAMP:OAMP
[    INFO]-[2017-05-19 13:51:52,678]-DB_init.py :Line:35 : init DB_ds , insert data:YXYBB:YXYBB
[    INFO]-[2017-05-19 13:51:52,678]-DB_init.py :Line:35 : init DB_ds , insert data:base:BASE
[    INFO]-[2017-05-19 13:51:52,678]-DB_init.py :Line:35 : init DB_ds , insert data:BBT:BBT
[    INFO]-[2017-05-19 13:51:52,679]-DB_init.py :Line:50 : start sys , compute all count data 
[    INFO]-[2017-05-19 13:51:52,679]-Init.py :Line:17 : start receive mongodb log
[    INFO]-[2017-05-19 14:03:16,124]-DB_init.py :Line:42 : start sys , init DB_ds 
[    INFO]-[2017-05-19 14:03:16,128]-DB_init.py :Line:35 : init DB_ds , insert data:BBT:BBT
[    INFO]-[2017-05-19 14:03:16,128]-DB_init.py :Line:35 : init DB_ds , insert data:base:BASE
[    INFO]-[2017-05-19 14:03:16,128]-DB_init.py :Line:35 : init DB_ds , insert data:OAMP:OAMP
[    INFO]-[2017-05-19 14:03:16,128]-DB_init.py :Line:35 : init DB_ds , insert data:YXYBB:YXYBB
[    INFO]-[2017-05-19 14:03:16,129]-DB_init.py :Line:50 : start sys , compute all count data 
[    INFO]-[2017-05-19 14:03:16,129]-Init.py :Line:17 : start receive mongodb log
[    INFO]-[2017-05-19 14:03:54,224]-DB_init.py :Line:42 : start sys , init DB_ds 
[    INFO]-[2017-05-19 14:03:54,239]-DB_init.py :Line:35 : init DB_ds , insert data:YXYBB:YXYBB
[    INFO]-[2017-05-19 14:03:54,239]-DB_init.py :Line:35 : init DB_ds , insert data:OAMP:OAMP
[    INFO]-[2017-05-19 14:03:54,239]-DB_init.py :Line:35 : init DB_ds , insert data:base:BASE
[    INFO]-[2017-05-19 14:03:54,239]-DB_init.py :Line:35 : init DB_ds , insert data:BBT:BBT
[    INFO]-[2017-05-19 14:03:54,240]-DB_init.py :Line:50 : start sys , compute all count data 
[    INFO]-[2017-05-19 14:03:54,240]-Init.py :Line:17 : start receive mongodb log
[    INFO]-[2017-05-19 14:05:51,305]-DB_init.py :Line:42 : start sys , init DB_ds 
[    INFO]-[2017-05-19 14:05:51,320]-DB_init.py :Line:35 : init DB_ds , insert data:base:BASE
[    INFO]-[2017-05-19 14:05:51,321]-DB_init.py :Line:35 : init DB_ds , insert data:BBT:BBT
[    INFO]-[2017-05-19 14:05:51,321]-DB_init.py :Line:35 : init DB_ds , insert data:OAMP:OAMP
[    INFO]-[2017-05-19 14:05:51,321]-DB_init.py :Line:35 : init DB_ds , insert data:YXYBB:YXYBB
[    INFO]-[2017-05-19 14:05:51,323]-DB_init.py :Line:50 : start sys , compute all count data 
[    INFO]-[2017-05-19 14:05:51,324]-Init.py :Line:17 : start receive mongodb log
[    INFO]-[2017-05-19 16:15:53,800]-DB_init.py :Line:44 : start sys , init DB_ds 
[    INFO]-[2017-05-19 16:15:59,605]-DB_init.py :Line:36 : init DB_ds , insert data:base:BASE
[    INFO]-[2017-05-19 16:15:59,605]-DB_init.py :Line:36 : init DB_ds , insert data:OAMP:OAMP
[    INFO]-[2017-05-19 16:15:59,606]-DB_init.py :Line:36 : init DB_ds , insert data:YXYBB:YXYBB
[    INFO]-[2017-05-19 16:15:59,606]-DB_init.py :Line:36 : init DB_ds , insert data:BBT:BBT
[    INFO]-[2017-05-19 16:15:59,608]-DB_init.py :Line:52 : start sys , compute all count data 
[    INFO]-[2017-05-19 16:15:59,610]-Init.py :Line:17 : start receive mongodb log
[    INFO]-[2017-05-19 16:21:06,926]-DB_init.py :Line:44 : start sys , init DB_ds 
[    INFO]-[2017-05-19 16:21:06,930]-DB_init.py :Line:36 : init DB_ds , insert data:OAMP:OAMP
[    INFO]-[2017-05-19 16:21:06,930]-DB_init.py :Line:36 : init DB_ds , insert data:YXYBB:YXYBB
[    INFO]-[2017-05-19 16:21:06,930]-DB_init.py :Line:36 : init DB_ds , insert data:base:BASE
[    INFO]-[2017-05-19 16:21:06,930]-DB_init.py :Line:36 : init DB_ds , insert data:BBT:BBT
[    INFO]-[2017-05-19 16:21:06,931]-DB_init.py :Line:52 : start sys , compute all count data 
[    INFO]-[2017-05-19 16:21:06,931]-Init.py :Line:17 : start receive mongodb log
[    INFO]-[2017-05-19 17:05:37,580]-DB_init.py :Line:44 : start sys , init DB_ds 
[    INFO]-[2017-05-19 17:05:37,584]-DB_init.py :Line:36 : init DB_ds , insert data:BBT:BBT
[    INFO]-[2017-05-19 17:05:37,584]-DB_init.py :Line:36 : init DB_ds , insert data:OAMP:OAMP
[    INFO]-[2017-05-19 17:05:37,584]-DB_init.py :Line:36 : init DB_ds , insert data:YXYBB:YXYBB
[    INFO]-[2017-05-19 17:05:37,584]-DB_init.py :Line:36 : init DB_ds , insert data:base:BASE
[    INFO]-[2017-05-19 17:06:14,458]-DB_init.py :Line:44 : start sys , init DB_ds 
[    INFO]-[2017-05-19 17:06:14,464]-DB_init.py :Line:36 : init DB_ds , insert data:base:BASE
[    INFO]-[2017-05-19 17:06:14,464]-DB_init.py :Line:36 : init DB_ds , insert data:OAMP:OAMP
[    INFO]-[2017-05-19 17:06:14,465]-DB_init.py :Line:36 : init DB_ds , insert data:YXYBB:YXYBB
[    INFO]-[2017-05-19 17:06:14,465]-DB_init.py :Line:36 : init DB_ds , insert data:BBT:BBT
[    INFO]-[2017-05-19 17:06:50,124]-DB_init.py :Line:44 : start sys , init DB_ds 
[    INFO]-[2017-05-19 17:06:50,138]-DB_init.py :Line:36 : init DB_ds , insert data:base:BASE
[    INFO]-[2017-05-19 17:06:50,139]-DB_init.py :Line:36 : init DB_ds , insert data:BBT:BBT
[    INFO]-[2017-05-19 17:06:50,139]-DB_init.py :Line:36 : init DB_ds , insert data:YXYBB:YXYBB
[    INFO]-[2017-05-19 17:06:50,139]-DB_init.py :Line:36 : init DB_ds , insert data:OAMP:OAMP
[    INFO]-[2017-05-19 17:06:50,140]-Init.py :Line:17 : start receive mongodb log
[    INFO]-[2017-05-19 17:10:54,031]-DB_init.py :Line:44 : start sys , init DB_ds 
[    INFO]-[2017-05-19 17:10:54,059]-DB_init.py :Line:36 : init DB_ds , insert data:OAMP:OAMP
[    INFO]-[2017-05-19 17:10:54,060]-DB_init.py :Line:36 : init DB_ds , insert data:base:BASE
[    INFO]-[2017-05-19 17:10:54,061]-DB_init.py :Line:36 : init DB_ds , insert data:BBT:BBT
[    INFO]-[2017-05-19 17:10:54,062]-DB_init.py :Line:36 : init DB_ds , insert data:YXYBB:YXYBB
[    INFO]-[2017-05-19 17:10:55,622]-Init.py :Line:17 : start receive mongodb log
[    INFO]-[2017-05-19 17:11:44,460]-DB_init.py :Line:44 : start sys , init DB_ds 
[    INFO]-[2017-05-19 17:11:44,481]-DB_init.py :Line:36 : init DB_ds , insert data:base:BASE
[    INFO]-[2017-05-19 17:11:44,482]-DB_init.py :Line:36 : init DB_ds , insert data:YXYBB:YXYBB
[    INFO]-[2017-05-19 17:11:44,483]-DB_init.py :Line:36 : init DB_ds , insert data:BBT:BBT
[    INFO]-[2017-05-19 17:11:44,485]-DB_init.py :Line:36 : init DB_ds , insert data:OAMP:OAMP
[    INFO]-[2017-05-19 17:11:44,875]-Init.py :Line:17 : start receive mongodb log
[    INFO]-[2017-05-19 17:12:32,570]-DB_init.py :Line:44 : start sys , init DB_ds 
[    INFO]-[2017-05-19 17:12:32,595]-DB_init.py :Line:36 : init DB_ds , insert data:OAMP:OAMP
[    INFO]-[2017-05-19 17:12:32,595]-DB_init.py :Line:36 : init DB_ds , insert data:BBT:BBT
[    INFO]-[2017-05-19 17:12:32,596]-DB_init.py :Line:36 : init DB_ds , insert data:base:BASE
[    INFO]-[2017-05-19 17:12:32,597]-DB_init.py :Line:36 : init DB_ds , insert data:YXYBB:YXYBB
[    INFO]-[2017-05-19 17:12:37,898]-Init.py :Line:17 : start receive mongodb log
[    INFO]-[2017-05-19 17:13:07,250]-DB_init.py :Line:44 : start sys , init DB_ds 
[    INFO]-[2017-05-19 17:13:07,265]-DB_init.py :Line:36 : init DB_ds , insert data:OAMP:OAMP
[    INFO]-[2017-05-19 17:13:07,266]-DB_init.py :Line:36 : init DB_ds , insert data:BBT:BBT
[    INFO]-[2017-05-19 17:13:07,266]-DB_init.py :Line:36 : init DB_ds , insert data:base:BASE
[    INFO]-[2017-05-19 17:13:07,266]-DB_init.py :Line:36 : init DB_ds , insert data:YXYBB:YXYBB
[    INFO]-[2017-05-19 17:13:07,268]-Init.py :Line:17 : start receive mongodb log
[    INFO]-[2017-05-19 17:15:17,382]-DB_init.py :Line:44 : start sys , init DB_ds 
[    INFO]-[2017-05-19 17:15:17,388]-DB_init.py :Line:36 : init DB_ds , insert data:base:BASE
[    INFO]-[2017-05-19 17:15:17,389]-DB_init.py :Line:36 : init DB_ds , insert data:BBT:BBT
[    INFO]-[2017-05-19 17:15:17,389]-DB_init.py :Line:36 : init DB_ds , insert data:YXYBB:YXYBB
[    INFO]-[2017-05-19 17:15:17,390]-DB_init.py :Line:36 : init DB_ds , insert data:OAMP:OAMP
[    INFO]-[2017-05-19 17:15:17,391]-Init.py :Line:17 : start receive mongodb log
[    INFO]-[2017-05-19 17:16:51,969]-DB_init.py :Line:44 : start sys , init DB_ds 
[    INFO]-[2017-05-19 17:16:51,973]-DB_init.py :Line:36 : init DB_ds , insert data:OAMP:OAMP
[    INFO]-[2017-05-19 17:16:51,974]-DB_init.py :Line:36 : init DB_ds , insert data:base:BASE
[    INFO]-[2017-05-19 17:16:51,974]-DB_init.py :Line:36 : init DB_ds , insert data:YXYBB:YXYBB
[    INFO]-[2017-05-19 17:16:51,974]-DB_init.py :Line:36 : init DB_ds , insert data:BBT:BBT
[    INFO]-[2017-05-19 17:16:51,976]-Init.py :Line:17 : start receive mongodb log
[    INFO]-[2017-05-19 17:18:35,415]-DB_init.py :Line:44 : start sys , init DB_ds 
[    INFO]-[2017-05-19 17:18:35,428]-DB_init.py :Line:36 : init DB_ds , insert data:base:BASE
[    INFO]-[2017-05-19 17:18:35,428]-DB_init.py :Line:36 : init DB_ds , insert data:OAMP:OAMP
[    INFO]-[2017-05-19 17:18:35,428]-DB_init.py :Line:36 : init DB_ds , insert data:YXYBB:YXYBB
[    INFO]-[2017-05-19 17:18:35,428]-DB_init.py :Line:36 : init DB_ds , insert data:BBT:BBT
[    INFO]-[2017-05-19 17:18:35,430]-Init.py :Line:17 : start receive mongodb log
[    INFO]-[2017-05-19 17:22:36,066]-DB_init.py :Line:44 : start sys , init DB_ds 
[    INFO]-[2017-05-19 17:22:36,077]-DB_init.py :Line:36 : init DB_ds , insert data:base:BASE
[    INFO]-[2017-05-19 17:22:36,077]-DB_init.py :Line:36 : init DB_ds , insert data:BBT:BBT
[    INFO]-[2017-05-19 17:22:36,077]-DB_init.py :Line:36 : init DB_ds , insert data:OAMP:OAMP
[    INFO]-[2017-05-19 17:22:36,077]-DB_init.py :Line:36 : init DB_ds , insert data:YXYBB:YXYBB
[    INFO]-[2017-05-19 17:22:36,079]-Init.py :Line:17 : start receive mongodb log
[    INFO]-[2017-05-19 17:24:47,083]-DB_init.py :Line:44 : start sys , init DB_ds 
[    INFO]-[2017-05-19 17:24:47,110]-DB_init.py :Line:36 : init DB_ds , insert data:OAMP:OAMP
[    INFO]-[2017-05-19 17:24:47,111]-DB_init.py :Line:36 : init DB_ds , insert data:YXYBB:YXYBB
[    INFO]-[2017-05-19 17:24:47,111]-DB_init.py :Line:36 : init DB_ds , insert data:base:BASE
[    INFO]-[2017-05-19 17:24:47,111]-DB_init.py :Line:36 : init DB_ds , insert data:BBT:BBT
[    INFO]-[2017-05-19 17:24:47,113]-Init.py :Line:17 : start receive mongodb log
[    INFO]-[2017-05-19 17:25:07,503]-DB_init.py :Line:44 : start sys , init DB_ds 
[    INFO]-[2017-05-19 17:25:07,517]-DB_init.py :Line:36 : init DB_ds , insert data:YXYBB:YXYBB
[    INFO]-[2017-05-19 17:25:07,517]-DB_init.py :Line:36 : init DB_ds , insert data:base:BASE
[    INFO]-[2017-05-19 17:25:07,517]-DB_init.py :Line:36 : init DB_ds , insert data:BBT:BBT
[    INFO]-[2017-05-19 17:25:07,517]-DB_init.py :Line:36 : init DB_ds , insert data:OAMP:OAMP
[    INFO]-[2017-05-19 17:25:07,519]-Init.py :Line:17 : start receive mongodb log
[    INFO]-[2017-05-19 17:28:55,048]-DB_init.py :Line:44 : start sys , init DB_ds 
[    INFO]-[2017-05-19 17:28:55,056]-DB_init.py :Line:36 : init DB_ds , insert data:base:BASE
[    INFO]-[2017-05-19 17:28:55,056]-DB_init.py :Line:36 : init DB_ds , insert data:BBT:BBT
[    INFO]-[2017-05-19 17:28:55,056]-DB_init.py :Line:36 : init DB_ds , insert data:YXYBB:YXYBB
[    INFO]-[2017-05-19 17:28:55,057]-DB_init.py :Line:36 : init DB_ds , insert data:OAMP:OAMP
[    INFO]-[2017-05-19 17:28:55,059]-Init.py :Line:17 : start receive mongodb log
[    INFO]-[2017-05-19 17:29:20,725]-DB_init.py :Line:44 : start sys , init DB_ds 
[    INFO]-[2017-05-19 17:29:20,739]-DB_init.py :Line:36 : init DB_ds , insert data:OAMP:OAMP
[    INFO]-[2017-05-19 17:29:20,739]-DB_init.py :Line:36 : init DB_ds , insert data:base:BASE
[    INFO]-[2017-05-19 17:29:20,739]-DB_init.py :Line:36 : init DB_ds , insert data:YXYBB:YXYBB
[    INFO]-[2017-05-19 17:29:20,739]-DB_init.py :Line:36 : init DB_ds , insert data:BBT:BBT
[    INFO]-[2017-05-19 17:29:20,740]-Init.py :Line:17 : start receive mongodb log
[    INFO]-[2017-05-19 17:29:26,398]-DB_init.py :Line:44 : start sys , init DB_ds 
[    INFO]-[2017-05-19 17:29:26,403]-DB_init.py :Line:36 : init DB_ds , insert data:base:BASE
[    INFO]-[2017-05-19 17:29:26,403]-DB_init.py :Line:36 : init DB_ds , insert data:BBT:BBT
[    INFO]-[2017-05-19 17:29:26,404]-DB_init.py :Line:36 : init DB_ds , insert data:YXYBB:YXYBB
[    INFO]-[2017-05-19 17:29:26,405]-DB_init.py :Line:36 : init DB_ds , insert data:OAMP:OAMP
[    INFO]-[2017-05-19 17:29:26,407]-Init.py :Line:17 : start receive mongodb log
[    INFO]-[2017-05-19 17:29:42,423]-DB_init.py :Line:44 : start sys , init DB_ds 
[    INFO]-[2017-05-19 17:29:42,438]-DB_init.py :Line:36 : init DB_ds , insert data:BBT:BBT
[    INFO]-[2017-05-19 17:29:42,438]-DB_init.py :Line:36 : init DB_ds , insert data:YXYBB:YXYBB
[    INFO]-[2017-05-19 17:29:42,438]-DB_init.py :Line:36 : init DB_ds , insert data:base:BASE
[    INFO]-[2017-05-19 17:29:42,439]-DB_init.py :Line:36 : init DB_ds , insert data:OAMP:OAMP
[    INFO]-[2017-05-19 17:29:42,440]-Init.py :Line:17 : start receive mongodb log
[    INFO]-[2017-05-19 17:30:00,082]-DB_init.py :Line:44 : start sys , init DB_ds 
[    INFO]-[2017-05-19 17:30:00,086]-DB_init.py :Line:36 : init DB_ds , insert data:base:BASE
[    INFO]-[2017-05-19 17:30:00,086]-DB_init.py :Line:36 : init DB_ds , insert data:YXYBB:YXYBB
[    INFO]-[2017-05-19 17:30:00,086]-DB_init.py :Line:36 : init DB_ds , insert data:OAMP:OAMP
[    INFO]-[2017-05-19 17:30:00,086]-DB_init.py :Line:36 : init DB_ds , insert data:BBT:BBT
[    INFO]-[2017-05-19 17:30:00,087]-Init.py :Line:17 : start receive mongodb log
[    INFO]-[2017-05-19 17:33:03,911]-DB_init.py :Line:44 : start sys , init DB_ds 
[    INFO]-[2017-05-19 17:33:03,925]-DB_init.py :Line:36 : init DB_ds , insert data:base:BASE
[    INFO]-[2017-05-19 17:33:03,925]-DB_init.py :Line:36 : init DB_ds , insert data:OAMP:OAMP
[    INFO]-[2017-05-19 17:33:03,925]-DB_init.py :Line:36 : init DB_ds , insert data:BBT:BBT
[    INFO]-[2017-05-19 17:33:03,925]-DB_init.py :Line:36 : init DB_ds , insert data:YXYBB:YXYBB
[    INFO]-[2017-05-19 17:33:03,926]-Init.py :Line:17 : start receive mongodb log
[    INFO]-[2017-05-19 17:36:50,096]-DB_init.py :Line:44 : start sys , init DB_ds 
[    INFO]-[2017-05-19 17:36:50,100]-DB_init.py :Line:36 : init DB_ds , insert data:BBT:BBT
[    INFO]-[2017-05-19 17:36:50,100]-DB_init.py :Line:36 : init DB_ds , insert data:YXYBB:YXYBB
[    INFO]-[2017-05-19 17:36:50,101]-DB_init.py :Line:36 : init DB_ds , insert data:OAMP:OAMP
[    INFO]-[2017-05-19 17:36:50,101]-DB_init.py :Line:36 : init DB_ds , insert data:base:BASE
[    INFO]-[2017-05-19 17:36:50,103]-Init.py :Line:17 : start receive mongodb log
[    INFO]-[2017-05-19 17:40:15,372]-DB_init.py :Line:44 : start sys , init DB_ds 
[    INFO]-[2017-05-19 17:40:15,377]-DB_init.py :Line:36 : init DB_ds , insert data:YXYBB:YXYBB
[    INFO]-[2017-05-19 17:40:15,377]-DB_init.py :Line:36 : init DB_ds , insert data:base:BASE
[    INFO]-[2017-05-19 17:40:15,377]-DB_init.py :Line:36 : init DB_ds , insert data:BBT:BBT
[    INFO]-[2017-05-19 17:40:15,377]-DB_init.py :Line:36 : init DB_ds , insert data:OAMP:OAMP
[    INFO]-[2017-05-19 17:40:15,378]-Init.py :Line:17 : start receive mongodb log
[    INFO]-[2017-05-19 17:51:55,520]-DB_init.py :Line:44 : start sys , init DB_ds 
[    INFO]-[2017-05-19 17:51:55,526]-DB_init.py :Line:36 : init DB_ds , insert data:OAMP:OAMP
[    INFO]-[2017-05-19 17:51:55,526]-DB_init.py :Line:36 : init DB_ds , insert data:BBT:BBT
[    INFO]-[2017-05-19 17:51:55,527]-DB_init.py :Line:36 : init DB_ds , insert data:base:BASE
[    INFO]-[2017-05-19 17:51:55,527]-DB_init.py :Line:36 : init DB_ds , insert data:YXYBB:YXYBB
[    INFO]-[2017-05-19 17:51:55,529]-Init.py :Line:17 : start receive mongodb log
[    INFO]-[2017-05-19 17:52:05,737]-DB_init.py :Line:44 : start sys , init DB_ds 
[    INFO]-[2017-05-19 17:52:05,751]-DB_init.py :Line:36 : init DB_ds , insert data:base:BASE
[    INFO]-[2017-05-19 17:52:05,752]-DB_init.py :Line:36 : init DB_ds , insert data:OAMP:OAMP
[    INFO]-[2017-05-19 17:52:05,752]-DB_init.py :Line:36 : init DB_ds , insert data:BBT:BBT
[    INFO]-[2017-05-19 17:52:05,752]-DB_init.py :Line:36 : init DB_ds , insert data:YXYBB:YXYBB
[    INFO]-[2017-05-19 17:52:05,753]-Init.py :Line:17 : start receive mongodb log
[    INFO]-[2017-05-19 17:52:48,366]-DB_init.py :Line:44 : start sys , init DB_ds 
[    INFO]-[2017-05-19 17:52:48,380]-DB_init.py :Line:36 : init DB_ds , insert data:base:BASE
[    INFO]-[2017-05-19 17:52:48,380]-DB_init.py :Line:36 : init DB_ds , insert data:OAMP:OAMP
[    INFO]-[2017-05-19 17:52:48,380]-DB_init.py :Line:36 : init DB_ds , insert data:YXYBB:YXYBB
[    INFO]-[2017-05-19 17:52:48,380]-DB_init.py :Line:36 : init DB_ds , insert data:BBT:BBT
[    INFO]-[2017-05-19 17:52:48,381]-Init.py :Line:17 : start receive mongodb log
[    INFO]-[2017-05-19 17:55:49,174]-DB_init.py :Line:44 : start sys , init DB_ds 
[    INFO]-[2017-05-19 17:55:49,201]-DB_init.py :Line:36 : init DB_ds , insert data:YXYBB:YXYBB
[    INFO]-[2017-05-19 17:55:49,201]-DB_init.py :Line:36 : init DB_ds , insert data:OAMP:OAMP
[    INFO]-[2017-05-19 17:55:49,201]-DB_init.py :Line:36 : init DB_ds , insert data:base:BASE
[    INFO]-[2017-05-19 17:55:49,201]-DB_init.py :Line:36 : init DB_ds , insert data:BBT:BBT
[    INFO]-[2017-05-19 17:55:49,204]-Init.py :Line:17 : start receive mongodb log
[    INFO]-[2017-05-19 18:03:30,420]-DB_init.py :Line:44 : start sys , init DB_ds 
[    INFO]-[2017-05-19 18:03:30,424]-DB_init.py :Line:36 : init DB_ds , insert data:YXYBB:YXYBB
[    INFO]-[2017-05-19 18:03:30,424]-DB_init.py :Line:36 : init DB_ds , insert data:BBT:BBT
[    INFO]-[2017-05-19 18:03:30,425]-DB_init.py :Line:36 : init DB_ds , insert data:base:BASE
[    INFO]-[2017-05-19 18:03:30,425]-DB_init.py :Line:36 : init DB_ds , insert data:OAMP:OAMP
[    INFO]-[2017-05-19 18:03:30,426]-Init.py :Line:17 : start receive mongodb log
[    INFO]-[2017-05-19 18:05:45,062]-DB_init.py :Line:44 : start sys , init DB_ds 
[    INFO]-[2017-05-19 18:05:45,089]-DB_init.py :Line:36 : init DB_ds , insert data:BBT:BBT
[    INFO]-[2017-05-19 18:05:45,089]-DB_init.py :Line:36 : init DB_ds , insert data:OAMP:OAMP
[    INFO]-[2017-05-19 18:05:45,089]-DB_init.py :Line:36 : init DB_ds , insert data:YXYBB:YXYBB
[    INFO]-[2017-05-19 18:05:45,089]-DB_init.py :Line:36 : init DB_ds , insert data:base:BASE
[    INFO]-[2017-05-19 18:05:45,091]-Init.py :Line:17 : start receive mongodb log
